2016-06-12 23:37:19,548 WARN c.o.m.f.m.MockMarketDataFeedService [main] Mock Security Master Fetch was called.  
2016-06-12 23:37:19,621 WARN c.o.m.f.m.MockMarketDataFeedService [main] Mock Quoting for ticker {"ticker":"AMZN","instrumentType":STOCK,"timestamp":2016-06-12T23:37:19.613-04:00[America/New_York]} 
2016-06-12 23:37:19,623 WARN c.o.m.f.m.MockMarketDataFeedService [main] Mock Quoting for ticker {"ticker":"AAPL","instrumentType":STOCK,"timestamp":2016-06-12T23:37:19.613-04:00[America/New_York]} 
2016-06-12 23:37:19,624 WARN c.o.m.f.m.MockMarketDataFeedService [main] Mock Quoting for ticker {"ticker":"GM","instrumentType":STOCK,"timestamp":2016-06-12T23:37:19.613-04:00[America/New_York]} 
2016-06-12 23:37:19,624 WARN c.o.m.f.m.MockMarketDataFeedService [main] Mock Quoting for ticker {"ticker":"GOOGL","instrumentType":STOCK,"timestamp":2016-06-12T23:37:19.562-04:00[America/New_York]} 
2016-06-12 23:37:19,624 WARN c.o.m.f.m.MockMarketDataFeedService [main] Mock Quoting for ticker {"ticker":"NFLX","instrumentType":STOCK,"timestamp":2016-06-12T23:37:19.613-04:00[America/New_York]} 
2016-06-12 23:37:19,625 WARN c.o.m.f.m.MockMarketDataFeedService [main] Mock Quoting for ticker {"ticker":"XSD","instrumentType":ETF,"timestamp":2016-06-12T23:37:19.613-04:00[America/New_York]} 
2016-06-12 23:37:19,625 WARN c.o.m.f.m.MockMarketDataFeedService [main] Mock Quoting for ticker {"ticker":"GS","instrumentType":STOCK,"timestamp":2016-06-12T23:37:19.613-04:00[America/New_York]} 
2016-06-12 23:37:19,626 WARN c.o.m.f.m.MockMarketDataFeedService [main] Mock Quoting for ticker {"ticker":"KBH","instrumentType":STOCK,"timestamp":2016-06-12T23:37:19.613-04:00[America/New_York]} 
2016-06-12 23:37:19,626 WARN c.o.m.f.m.MockMarketDataFeedService [main] Mock Quoting for ticker {"ticker":"QQQ","instrumentType":ETF,"timestamp":2016-06-12T23:37:19.613-04:00[America/New_York]} 
2016-06-12 23:37:19,626 WARN c.o.m.f.m.MockMarketDataFeedService [main] Mock Quoting for ticker {"ticker":"XIB","instrumentType":ETF,"timestamp":2016-06-12T23:37:19.613-04:00[America/New_York]} 
2016-06-12 23:37:19,626 WARN c.o.m.f.m.MockMarketDataFeedService [main] Mock Quoting for ticker {"ticker":"JOY","instrumentType":STOCK,"timestamp":2016-06-12T23:37:19.613-04:00[America/New_York]} 
2016-06-12 23:37:19,627 WARN c.o.m.f.m.MockMarketDataFeedService [main] Mock Quoting for ticker {"ticker":"TSLA","instrumentType":STOCK,"timestamp":2016-06-12T23:37:19.613-04:00[America/New_York]} 
2016-06-12 23:37:19,627 WARN c.o.m.f.m.MockMarketDataFeedService [main] Mock Quoting for ticker {"ticker":"MSFT","instrumentType":STOCK,"timestamp":2016-06-12T23:37:19.613-04:00[America/New_York]} 
2016-06-12 23:37:19,627 WARN c.o.m.f.m.MockMarketDataFeedService [main] Mock Quoting for ticker {"ticker":"FB","instrumentType":STOCK,"timestamp":2016-06-12T23:37:19.613-04:00[America/New_York]} 
2016-06-12 23:37:19,629 WARN c.o.m.f.m.MockMarketDataFeedService [main] Mock Security Master Fetch was called.  
2016-06-12 23:37:19,631 WARN c.o.m.f.m.MockMarketDataFeedService [main] Mock Quoting for tickers [{"ticker":"AMZN","instrumentType":STOCK,"timestamp":2016-06-12T23:37:19.629-04:00[America/New_York]}, {"ticker":"AAPL","instrumentType":STOCK,"timestamp":2016-06-12T23:37:19.629-04:00[America/New_York]}, {"ticker":"GM","instrumentType":STOCK,"timestamp":2016-06-12T23:37:19.629-04:00[America/New_York]}, {"ticker":"GOOGL","instrumentType":STOCK,"timestamp":2016-06-12T23:37:19.629-04:00[America/New_York]}, {"ticker":"NFLX","instrumentType":STOCK,"timestamp":2016-06-12T23:37:19.629-04:00[America/New_York]}, {"ticker":"XSD","instrumentType":ETF,"timestamp":2016-06-12T23:37:19.629-04:00[America/New_York]}, {"ticker":"GS","instrumentType":STOCK,"timestamp":2016-06-12T23:37:19.629-04:00[America/New_York]}, {"ticker":"KBH","instrumentType":STOCK,"timestamp":2016-06-12T23:37:19.629-04:00[America/New_York]}, {"ticker":"QQQ","instrumentType":ETF,"timestamp":2016-06-12T23:37:19.629-04:00[America/New_York]}, {"ticker":"XIB","instrumentType":ETF,"timestamp":2016-06-12T23:37:19.629-04:00[America/New_York]}, {"ticker":"JOY","instrumentType":STOCK,"timestamp":2016-06-12T23:37:19.629-04:00[America/New_York]}, {"ticker":"TSLA","instrumentType":STOCK,"timestamp":2016-06-12T23:37:19.629-04:00[America/New_York]}, {"ticker":"MSFT","instrumentType":STOCK,"timestamp":2016-06-12T23:37:19.629-04:00[America/New_York]}, {"ticker":"FB","instrumentType":STOCK,"timestamp":2016-06-12T23:37:19.629-04:00[America/New_York]}] 
2016-06-12 23:37:19,637 WARN c.o.m.f.m.MockMarketDataFeedService [main] Mock Security Master Fetch was called.  
2016-06-13 22:12:12,133 WARN c.o.m.f.m.MockMarketDataFeedService [main] Mock Security Master Fetch was called.  
2016-06-13 22:12:12,219 WARN c.o.m.f.m.MockMarketDataFeedService [main] Mock Quoting Fundamental for ticker {"ticker":"AMZN","instrumentType":STOCK,"timestamp":2016-06-13T22:12:12.205-04:00[America/New_York]} 
2016-06-13 22:13:23,466 WARN c.o.m.f.m.MockMarketDataFeedService [main] Mock Security Master Fetch was called.  
2016-06-13 22:13:23,534 WARN c.o.m.f.m.MockMarketDataFeedService [main] Mock Quoting Fundamental for ticker {"ticker":"AMZN","instrumentType":STOCK,"timestamp":2016-06-13T22:13:23.525-04:00[America/New_York]} 
2016-06-13 22:14:24,169 WARN c.o.m.f.m.MockMarketDataFeedService [main] Mock Security Master Fetch was called.  
2016-06-13 22:14:24,249 WARN c.o.m.f.m.MockMarketDataFeedService [main] Mock Quoting Fundamental for ticker {"ticker":"AMZN","instrumentType":STOCK,"timestamp":2016-06-13T22:14:24.240-04:00[America/New_York]} 
2016-06-13 22:14:24,252 WARN c.o.m.f.m.MockMarketDataFeedService [main] Mock Quoting Fundamental for ticker {"ticker":"AAPL","instrumentType":STOCK,"timestamp":2016-06-13T22:14:24.240-04:00[America/New_York]} 
2016-06-13 22:14:24,253 WARN c.o.m.f.m.MockMarketDataFeedService [main] Mock Quoting Fundamental for ticker {"ticker":"GM","instrumentType":STOCK,"timestamp":2016-06-13T22:14:24.240-04:00[America/New_York]} 
2016-06-13 22:14:24,254 WARN c.o.m.f.m.MockMarketDataFeedService [main] Mock Quoting Fundamental for ticker {"ticker":"GOOGL","instrumentType":STOCK,"timestamp":2016-06-13T22:14:24.181-04:00[America/New_York]} 
2016-06-13 22:14:24,255 WARN c.o.m.f.m.MockMarketDataFeedService [main] Mock Quoting Fundamental for ticker {"ticker":"NFLX","instrumentType":STOCK,"timestamp":2016-06-13T22:14:24.240-04:00[America/New_York]} 
2016-06-13 22:14:24,257 WARN c.o.m.f.m.MockMarketDataFeedService [main] Mock Quoting Fundamental for ticker {"ticker":"XSD","instrumentType":ETF,"timestamp":2016-06-13T22:14:24.240-04:00[America/New_York]} 
2016-06-13 22:15:35,052 WARN c.o.m.f.m.MockMarketDataFeedService [main] Mock Security Master Fetch was called.  
2016-06-13 22:15:35,124 WARN c.o.m.f.m.MockMarketDataFeedService [main] Mock Quoting Fundamental for ticker {"ticker":"AMZN","instrumentType":STOCK,"timestamp":2016-06-13T22:15:35.114-04:00[America/New_York]} 
2016-06-13 22:15:35,127 WARN c.o.m.f.m.MockMarketDataFeedService [main] Mock Quoting Fundamental for ticker {"ticker":"AAPL","instrumentType":STOCK,"timestamp":2016-06-13T22:15:35.114-04:00[America/New_York]} 
2016-06-13 22:15:35,128 WARN c.o.m.f.m.MockMarketDataFeedService [main] Mock Quoting Fundamental for ticker {"ticker":"GM","instrumentType":STOCK,"timestamp":2016-06-13T22:15:35.114-04:00[America/New_York]} 
2016-06-13 22:15:35,128 WARN c.o.m.f.m.MockMarketDataFeedService [main] Mock Quoting Fundamental for ticker {"ticker":"GOOGL","instrumentType":STOCK,"timestamp":2016-06-13T22:15:35.063-04:00[America/New_York]} 
2016-06-13 22:15:35,129 WARN c.o.m.f.m.MockMarketDataFeedService [main] Mock Quoting Fundamental for ticker {"ticker":"NFLX","instrumentType":STOCK,"timestamp":2016-06-13T22:15:35.114-04:00[America/New_York]} 
2016-06-13 22:15:35,131 WARN c.o.m.f.m.MockMarketDataFeedService [main] Mock Quoting Fundamental for ticker {"ticker":"XSD","instrumentType":ETF,"timestamp":2016-06-13T22:15:35.115-04:00[America/New_York]} 
2016-06-13 22:15:35,131 WARN c.o.m.f.m.MockMarketDataFeedService [main] Mock Quoting Fundamental for ticker {"ticker":"GS","instrumentType":STOCK,"timestamp":2016-06-13T22:15:35.114-04:00[America/New_York]} 
2016-06-13 22:15:35,132 WARN c.o.m.f.m.MockMarketDataFeedService [main] Mock Quoting Fundamental for ticker {"ticker":"KBH","instrumentType":STOCK,"timestamp":2016-06-13T22:15:35.114-04:00[America/New_York]} 
2016-06-13 22:15:35,133 WARN c.o.m.f.m.MockMarketDataFeedService [main] Mock Quoting Fundamental for ticker {"ticker":"QQQ","instrumentType":ETF,"timestamp":2016-06-13T22:15:35.115-04:00[America/New_York]} 
2016-06-13 22:15:35,133 WARN c.o.m.f.m.MockMarketDataFeedService [main] Mock Quoting Fundamental for ticker {"ticker":"XIB","instrumentType":ETF,"timestamp":2016-06-13T22:15:35.115-04:00[America/New_York]} 
2016-06-13 22:15:35,134 WARN c.o.m.f.m.MockMarketDataFeedService [main] Mock Quoting Fundamental for ticker {"ticker":"JOY","instrumentType":STOCK,"timestamp":2016-06-13T22:15:35.114-04:00[America/New_York]} 
2016-06-13 22:15:35,135 WARN c.o.m.f.m.MockMarketDataFeedService [main] Mock Quoting Fundamental for ticker {"ticker":"TSLA","instrumentType":STOCK,"timestamp":2016-06-13T22:15:35.114-04:00[America/New_York]} 
2016-06-13 22:15:35,135 WARN c.o.m.f.m.MockMarketDataFeedService [main] Mock Quoting Fundamental for ticker {"ticker":"MSFT","instrumentType":STOCK,"timestamp":2016-06-13T22:15:35.114-04:00[America/New_York]} 
2016-06-13 22:15:35,136 WARN c.o.m.f.m.MockMarketDataFeedService [main] Mock Quoting Fundamental for ticker {"ticker":"FB","instrumentType":STOCK,"timestamp":2016-06-13T22:15:35.114-04:00[America/New_York]} 
2016-06-13 22:18:13,760 WARN c.o.m.f.m.MockMarketDataFeedService [main] Mock Security Master Fetch was called.  
2016-06-13 22:18:13,828 WARN c.o.m.f.m.MockMarketDataFeedService [main] Mock Quoting Fundamental for ticker {"ticker":"AMZN","instrumentType":STOCK,"timestamp":2016-06-13T22:18:13.818-04:00[America/New_York]} 
2016-06-13 22:18:13,831 WARN c.o.m.f.m.MockMarketDataFeedService [main] Mock Quoting Fundamental for ticker {"ticker":"AAPL","instrumentType":STOCK,"timestamp":2016-06-13T22:18:13.818-04:00[America/New_York]} 
2016-06-13 22:18:13,832 WARN c.o.m.f.m.MockMarketDataFeedService [main] Mock Quoting Fundamental for ticker {"ticker":"GM","instrumentType":STOCK,"timestamp":2016-06-13T22:18:13.818-04:00[America/New_York]} 
2016-06-13 22:18:13,832 WARN c.o.m.f.m.MockMarketDataFeedService [main] Mock Quoting Fundamental for ticker {"ticker":"GOOGL","instrumentType":STOCK,"timestamp":2016-06-13T22:18:13.772-04:00[America/New_York]} 
2016-06-13 22:18:13,833 WARN c.o.m.f.m.MockMarketDataFeedService [main] Mock Quoting Fundamental for ticker {"ticker":"NFLX","instrumentType":STOCK,"timestamp":2016-06-13T22:18:13.818-04:00[America/New_York]} 
2016-06-13 22:18:13,834 WARN c.o.m.f.m.MockMarketDataFeedService [main] Mock Quoting Fundamental for ticker {"ticker":"XSD","instrumentType":ETF,"timestamp":2016-06-13T22:18:13.818-04:00[America/New_York]} 
2016-06-13 22:18:13,835 WARN c.o.m.f.m.MockMarketDataFeedService [main] Mock Quoting Fundamental for ticker {"ticker":"GS","instrumentType":STOCK,"timestamp":2016-06-13T22:18:13.818-04:00[America/New_York]} 
2016-06-13 22:18:13,836 WARN c.o.m.f.m.MockMarketDataFeedService [main] Mock Quoting Fundamental for ticker {"ticker":"KBH","instrumentType":STOCK,"timestamp":2016-06-13T22:18:13.818-04:00[America/New_York]} 
2016-06-13 22:18:13,837 WARN c.o.m.f.m.MockMarketDataFeedService [main] Mock Quoting Fundamental for ticker {"ticker":"QQQ","instrumentType":ETF,"timestamp":2016-06-13T22:18:13.818-04:00[America/New_York]} 
2016-06-13 22:18:13,837 WARN c.o.m.f.m.MockMarketDataFeedService [main] Mock Quoting Fundamental for ticker {"ticker":"XIB","instrumentType":ETF,"timestamp":2016-06-13T22:18:13.818-04:00[America/New_York]} 
2016-06-13 22:18:13,838 WARN c.o.m.f.m.MockMarketDataFeedService [main] Mock Quoting Fundamental for ticker {"ticker":"JOY","instrumentType":STOCK,"timestamp":2016-06-13T22:18:13.818-04:00[America/New_York]} 
2016-06-13 22:18:13,839 WARN c.o.m.f.m.MockMarketDataFeedService [main] Mock Quoting Fundamental for ticker {"ticker":"TSLA","instrumentType":STOCK,"timestamp":2016-06-13T22:18:13.818-04:00[America/New_York]} 
2016-06-13 22:18:13,840 WARN c.o.m.f.m.MockMarketDataFeedService [main] Mock Quoting Fundamental for ticker {"ticker":"MSFT","instrumentType":STOCK,"timestamp":2016-06-13T22:18:13.818-04:00[America/New_York]} 
2016-06-13 22:18:13,841 WARN c.o.m.f.m.MockMarketDataFeedService [main] Mock Quoting Fundamental for ticker {"ticker":"FB","instrumentType":STOCK,"timestamp":2016-06-13T22:18:13.818-04:00[America/New_York]} 
2016-06-13 22:35:44,088 WARN c.o.m.f.m.MockMarketDataFeedService [main] Mock Security Master Fetch was called.  
2016-06-13 22:35:44,161 WARN c.o.m.f.m.MockMarketDataFeedService [main] Mock Quoting Fundamental for tickers [{"ticker":"AMZN","instrumentType":STOCK,"timestamp":2016-06-13T22:35:44.149-04:00[America/New_York]}, {"ticker":"AAPL","instrumentType":STOCK,"timestamp":2016-06-13T22:35:44.149-04:00[America/New_York]}, {"ticker":"GM","instrumentType":STOCK,"timestamp":2016-06-13T22:35:44.149-04:00[America/New_York]}, {"ticker":"GOOGL","instrumentType":STOCK,"timestamp":2016-06-13T22:35:44.098-04:00[America/New_York]}, {"ticker":"NFLX","instrumentType":STOCK,"timestamp":2016-06-13T22:35:44.149-04:00[America/New_York]}, {"ticker":"XSD","instrumentType":ETF,"timestamp":2016-06-13T22:35:44.149-04:00[America/New_York]}, {"ticker":"GS","instrumentType":STOCK,"timestamp":2016-06-13T22:35:44.149-04:00[America/New_York]}, {"ticker":"KBH","instrumentType":STOCK,"timestamp":2016-06-13T22:35:44.149-04:00[America/New_York]}, {"ticker":"QQQ","instrumentType":ETF,"timestamp":2016-06-13T22:35:44.149-04:00[America/New_York]}, {"ticker":"XIB","instrumentType":ETF,"timestamp":2016-06-13T22:35:44.149-04:00[America/New_York]}, {"ticker":"JOY","instrumentType":STOCK,"timestamp":2016-06-13T22:35:44.149-04:00[America/New_York]}, {"ticker":"TSLA","instrumentType":STOCK,"timestamp":2016-06-13T22:35:44.149-04:00[America/New_York]}, {"ticker":"MSFT","instrumentType":STOCK,"timestamp":2016-06-13T22:35:44.149-04:00[America/New_York]}, {"ticker":"FB","instrumentType":STOCK,"timestamp":2016-06-13T22:35:44.149-04:00[America/New_York]}] 
2016-06-13 22:59:33,487 WARN c.o.m.f.m.MockMarketDataFeedService [main] Mock Security Master Fetch was called.  
2016-06-13 22:59:33,551 WARN c.o.m.f.m.MockMarketDataFeedService [main] Mock Historical Quote for ticker {"ticker":"AMZN","instrumentType":STOCK,"timestamp":2016-06-13T22:59:33.538-04:00[America/New_York]} 
2016-06-13 22:59:33,551 WARN c.o.m.f.m.MockMarketDataFeedService [main] Mock Historical Quote for ticker {"ticker":"AAPL","instrumentType":STOCK,"timestamp":2016-06-13T22:59:33.538-04:00[America/New_York]} 
2016-06-13 22:59:33,551 WARN c.o.m.f.m.MockMarketDataFeedService [main] Mock Historical Quote for ticker {"ticker":"GM","instrumentType":STOCK,"timestamp":2016-06-13T22:59:33.538-04:00[America/New_York]} 
2016-06-13 22:59:33,551 WARN c.o.m.f.m.MockMarketDataFeedService [main] Mock Historical Quote for ticker {"ticker":"GOOGL","instrumentType":STOCK,"timestamp":2016-06-13T22:59:33.495-04:00[America/New_York]} 
2016-06-13 22:59:33,551 WARN c.o.m.f.m.MockMarketDataFeedService [main] Mock Historical Quote for ticker {"ticker":"NFLX","instrumentType":STOCK,"timestamp":2016-06-13T22:59:33.538-04:00[America/New_York]} 
2016-06-13 22:59:33,551 WARN c.o.m.f.m.MockMarketDataFeedService [main] Mock Historical Quote for ticker {"ticker":"XSD","instrumentType":ETF,"timestamp":2016-06-13T22:59:33.538-04:00[America/New_York]} 
2016-06-13 22:59:33,551 WARN c.o.m.f.m.MockMarketDataFeedService [main] Mock Historical Quote for ticker {"ticker":"GS","instrumentType":STOCK,"timestamp":2016-06-13T22:59:33.538-04:00[America/New_York]} 
2016-06-13 22:59:33,552 WARN c.o.m.f.m.MockMarketDataFeedService [main] Mock Historical Quote for ticker {"ticker":"KBH","instrumentType":STOCK,"timestamp":2016-06-13T22:59:33.538-04:00[America/New_York]} 
2016-06-13 22:59:33,552 WARN c.o.m.f.m.MockMarketDataFeedService [main] Mock Historical Quote for ticker {"ticker":"QQQ","instrumentType":ETF,"timestamp":2016-06-13T22:59:33.538-04:00[America/New_York]} 
2016-06-13 22:59:33,552 WARN c.o.m.f.m.MockMarketDataFeedService [main] Mock Historical Quote for ticker {"ticker":"XIB","instrumentType":ETF,"timestamp":2016-06-13T22:59:33.538-04:00[America/New_York]} 
2016-06-13 22:59:33,552 WARN c.o.m.f.m.MockMarketDataFeedService [main] Mock Historical Quote for ticker {"ticker":"JOY","instrumentType":STOCK,"timestamp":2016-06-13T22:59:33.538-04:00[America/New_York]} 
2016-06-13 22:59:33,552 WARN c.o.m.f.m.MockMarketDataFeedService [main] Mock Historical Quote for ticker {"ticker":"TSLA","instrumentType":STOCK,"timestamp":2016-06-13T22:59:33.538-04:00[America/New_York]} 
2016-06-13 22:59:33,552 WARN c.o.m.f.m.MockMarketDataFeedService [main] Mock Historical Quote for ticker {"ticker":"MSFT","instrumentType":STOCK,"timestamp":2016-06-13T22:59:33.538-04:00[America/New_York]} 
2016-06-13 22:59:33,552 WARN c.o.m.f.m.MockMarketDataFeedService [main] Mock Historical Quote for ticker {"ticker":"FB","instrumentType":STOCK,"timestamp":2016-06-13T22:59:33.538-04:00[America/New_York]} 
2016-06-13 23:00:39,376 WARN c.o.m.f.m.MockMarketDataFeedService [main] Mock Security Master Fetch was called.  
2016-06-13 23:00:39,443 WARN c.o.m.f.m.MockMarketDataFeedService [main] Mock Historical Quote for ticker {"ticker":"AMZN","instrumentType":STOCK,"timestamp":2016-06-13T23:00:39.433-04:00[America/New_York]} 
2016-06-13 23:03:04,446 WARN c.o.m.f.m.MockMarketDataFeedService [main] Mock Security Master Fetch was called.  
2016-06-13 23:03:04,513 WARN c.o.m.f.m.MockMarketDataFeedService [main] Mock Historical Quote for ticker {"ticker":"AMZN","instrumentType":STOCK,"timestamp":2016-06-13T23:03:04.502-04:00[America/New_York]} 
2016-06-13 23:03:04,564 WARN c.o.m.f.m.MockMarketDataFeedService [main] Mock Historical Quote for ticker {"ticker":"AAPL","instrumentType":STOCK,"timestamp":2016-06-13T23:03:04.502-04:00[America/New_York]} 
2016-06-13 23:03:04,587 WARN c.o.m.f.m.MockMarketDataFeedService [main] Mock Historical Quote for ticker {"ticker":"GM","instrumentType":STOCK,"timestamp":2016-06-13T23:03:04.502-04:00[America/New_York]} 
2016-06-13 23:03:04,725 WARN c.o.m.f.m.MockMarketDataFeedService [main] Mock Historical Quote for ticker {"ticker":"GOOGL","instrumentType":STOCK,"timestamp":2016-06-13T23:03:04.457-04:00[America/New_York]} 
2016-06-13 23:03:04,781 WARN c.o.m.f.m.MockMarketDataFeedService [main] Mock Historical Quote for ticker {"ticker":"NFLX","instrumentType":STOCK,"timestamp":2016-06-13T23:03:04.502-04:00[America/New_York]} 
2016-06-13 23:03:04,790 WARN c.o.m.f.m.MockMarketDataFeedService [main] Mock Historical Quote for ticker {"ticker":"XSD","instrumentType":ETF,"timestamp":2016-06-13T23:03:04.502-04:00[America/New_York]} 
2016-06-13 23:03:04,918 WARN c.o.m.f.m.MockMarketDataFeedService [main] Mock Historical Quote for ticker {"ticker":"GS","instrumentType":STOCK,"timestamp":2016-06-13T23:03:04.502-04:00[America/New_York]} 
2016-06-13 23:03:05,055 WARN c.o.m.f.m.MockMarketDataFeedService [main] Mock Historical Quote for ticker {"ticker":"KBH","instrumentType":STOCK,"timestamp":2016-06-13T23:03:04.502-04:00[America/New_York]} 
2016-06-13 23:03:05,187 WARN c.o.m.f.m.MockMarketDataFeedService [main] Mock Historical Quote for ticker {"ticker":"QQQ","instrumentType":ETF,"timestamp":2016-06-13T23:03:04.502-04:00[America/New_York]} 
2016-06-13 23:03:05,193 WARN c.o.m.f.m.MockMarketDataFeedService [main] Mock Historical Quote for ticker {"ticker":"XIB","instrumentType":ETF,"timestamp":2016-06-13T23:03:04.502-04:00[America/New_York]} 
2016-06-13 23:03:05,325 WARN c.o.m.f.m.MockMarketDataFeedService [main] Mock Historical Quote for ticker {"ticker":"JOY","instrumentType":STOCK,"timestamp":2016-06-13T23:03:04.502-04:00[America/New_York]} 
2016-06-13 23:03:05,458 WARN c.o.m.f.m.MockMarketDataFeedService [main] Mock Historical Quote for ticker {"ticker":"TSLA","instrumentType":STOCK,"timestamp":2016-06-13T23:03:04.502-04:00[America/New_York]} 
2016-06-13 23:03:05,463 WARN c.o.m.f.m.MockMarketDataFeedService [main] Mock Historical Quote for ticker {"ticker":"MSFT","instrumentType":STOCK,"timestamp":2016-06-13T23:03:04.502-04:00[America/New_York]} 
2016-06-13 23:03:05,596 WARN c.o.m.f.m.MockMarketDataFeedService [main] Mock Historical Quote for ticker {"ticker":"FB","instrumentType":STOCK,"timestamp":2016-06-13T23:03:04.502-04:00[America/New_York]} 
2016-06-13 23:07:13,441 WARN c.o.m.f.m.MockMarketDataFeedService [main] Mock Security Master Fetch was called.  
2016-06-13 23:07:13,515 WARN c.o.m.f.m.MockMarketDataFeedService [main] Mock Batch Historical Quote for ticker [{"ticker":"AMZN","instrumentType":STOCK,"timestamp":2016-06-13T23:07:13.500-04:00[America/New_York]}, {"ticker":"AAPL","instrumentType":STOCK,"timestamp":2016-06-13T23:07:13.500-04:00[America/New_York]}, {"ticker":"GM","instrumentType":STOCK,"timestamp":2016-06-13T23:07:13.500-04:00[America/New_York]}, {"ticker":"GOOGL","instrumentType":STOCK,"timestamp":2016-06-13T23:07:13.452-04:00[America/New_York]}, {"ticker":"NFLX","instrumentType":STOCK,"timestamp":2016-06-13T23:07:13.500-04:00[America/New_York]}, {"ticker":"XSD","instrumentType":ETF,"timestamp":2016-06-13T23:07:13.500-04:00[America/New_York]}, {"ticker":"GS","instrumentType":STOCK,"timestamp":2016-06-13T23:07:13.500-04:00[America/New_York]}, {"ticker":"KBH","instrumentType":STOCK,"timestamp":2016-06-13T23:07:13.500-04:00[America/New_York]}, {"ticker":"QQQ","instrumentType":ETF,"timestamp":2016-06-13T23:07:13.500-04:00[America/New_York]}, {"ticker":"XIB","instrumentType":ETF,"timestamp":2016-06-13T23:07:13.500-04:00[America/New_York]}, {"ticker":"JOY","instrumentType":STOCK,"timestamp":2016-06-13T23:07:13.500-04:00[America/New_York]}, {"ticker":"TSLA","instrumentType":STOCK,"timestamp":2016-06-13T23:07:13.500-04:00[America/New_York]}, {"ticker":"MSFT","instrumentType":STOCK,"timestamp":2016-06-13T23:07:13.500-04:00[America/New_York]}, {"ticker":"FB","instrumentType":STOCK,"timestamp":2016-06-13T23:07:13.500-04:00[America/New_York]}] 
